{
    _attributes: { revision: '2', valid: 'true' },
    settings: {
      savegameName: { _text: 'PS v4' },
      creationDate: { _text: '2022-08-04' },
      mapId: { _text: 'mapAlpine' },
      mapTitle: { _text: 'Erlengrat' },
      saveDateFormatted: { _text: '2023-03-27' },
      saveDate: { _text: '2023-03-27' },
      resetVehicles: { _text: 'false' },
      trafficEnabled: { _text: 'false' },
      stopAndGoBraking: { _text: 'true' },
      trailerFillLimit: { _text: 'false' },
      automaticMotorStartEnabled: { _text: 'true' },
      growthMode: { _text: '2' },
      fixedSeasonalVisuals: { _text: '7' },
      plannedDaysPerPeriod: { _text: '1' },
      fruitDestruction: { _text: 'false' },
      plowingRequiredEnabled: { _text: 'false' },
      stonesEnabled: { _text: 'false' },
      weedsEnabled: { _text: 'false' },
      limeRequired: { _text: 'false' },
      isSnowEnabled: { _text: 'false' },
      fuelUsage: { _text: '1' },
      helperBuyFuel: { _text: 'true' },
      helperBuySeeds: { _text: 'true' },
      helperBuyFertilizer: { _text: 'true' },
      helperSlurrySource: { _text: '2' },
      helperManureSource: { _text: '2' },
      densityMapRevision: { _text: '3' },
      terrainTextureRevision: { _text: '1' },
      terrainLodTextureRevision: { _text: '2' },
      splitShapesRevision: { _text: '2' },
      tipCollisionRevision: { _text: '2' },
      placementCollisionRevision: { _text: '2' },
      navigationCollisionRevision: { _text: '2' },
      mapDensityMapRevision: { _text: '1' },
      mapTerrainTextureRevision: { _text: '1' },
      mapTerrainLodTextureRevision: { _text: '1' },
      mapSplitShapesRevision: { _text: '2' },
      mapTipCollisionRevision: { _text: '2' },
      mapPlacementCollisionRevision: { _text: '2' },
      mapNavigationCollisionRevision: { _text: '4' },
      difficulty: { _text: '3' },
      economicDifficulty: { _text: '1' },
      dirtInterval: { _text: '1' },
      timeScale: { _text: '0.500000' },
      autoSaveInterval: { _text: '15.000000' }
    },
    guidedTour: {
      _attributes: { active: 'false', currentStepIndex: '0', state: '' }
    },
    map: { foundHelpIcons: { _text: '00000000000000000000' } },
    statistics: {
      money: { _text: '968531703' },
      playTime: { _text: '315917.000000' }
    },
    slotSystem: { _attributes: { slotUsage: '1289' } },
    mapsSplitShapeFileIds: { _attributes: { count: '1' }, id: { _attributes: [Object] } }
  }